Performing C SOURCE FILE Test HAVE_GCC_WDOCUMENTATION failed with the following output:
Change Dir: /home/yonatan.r/CLionProjects/BAGEL/build/CMakeFiles/CMakeTmp

Run Build Command(s):/usr/bin/gmake -f Makefile cmTC_7b1f0/fast && /usr/bin/gmake  -f CMakeFiles/cmTC_7b1f0.dir/build.make CMakeFiles/cmTC_7b1f0.dir/build
gmake[1]: Entering directory '/home/yonatan.r/CLionProjects/BAGEL/build/CMakeFiles/CMakeTmp'
Building C object CMakeFiles/cmTC_7b1f0.dir/src.c.o
/usr/bin/cc -DHAVE_GCC_WDOCUMENTATION  -D_GNU_SOURCE=1   -Wdocumentation -o CMakeFiles/cmTC_7b1f0.dir/src.c.o -c /home/yonatan.r/CLionProjects/BAGEL/build/CMakeFiles/CMakeTmp/src.c
cc: error: unrecognized command-line option '-Wdocumentation'
gmake[1]: *** [CMakeFiles/cmTC_7b1f0.dir/build.make:78: CMakeFiles/cmTC_7b1f0.dir/src.c.o] Error 1
gmake[1]: Leaving directory '/home/yonatan.r/CLionProjects/BAGEL/build/CMakeFiles/CMakeTmp'
gmake: *** [Makefile:127: cmTC_7b1f0/fast] Error 2


Source file was:
int main(void) { return 0; }
Performing C SOURCE FILE Test HAVE_GCC_WDOCUMENTATION_UNKNOWN_COMMAND failed with the following output:
Change Dir: /home/yonatan.r/CLionProjects/BAGEL/build/CMakeFiles/CMakeTmp

Run Build Command(s):/usr/bin/gmake -f Makefile cmTC_b2c68/fast && /usr/bin/gmake  -f CMakeFiles/cmTC_b2c68.dir/build.make CMakeFiles/cmTC_b2c68.dir/build
gmake[1]: Entering directory '/home/yonatan.r/CLionProjects/BAGEL/build/CMakeFiles/CMakeTmp'
Building C object CMakeFiles/cmTC_b2c68.dir/src.c.o
/usr/bin/cc -DHAVE_GCC_WDOCUMENTATION_UNKNOWN_COMMAND  -D_GNU_SOURCE=1   -Wdocumentation-unknown-command -o CMakeFiles/cmTC_b2c68.dir/src.c.o -c /home/yonatan.r/CLionProjects/BAGEL/build/CMakeFiles/CMakeTmp/src.c
cc: error: unrecognized command-line option '-Wdocumentation-unknown-command'
gmake[1]: *** [CMakeFiles/cmTC_b2c68.dir/build.make:78: CMakeFiles/cmTC_b2c68.dir/src.c.o] Error 1
gmake[1]: Leaving directory '/home/yonatan.r/CLionProjects/BAGEL/build/CMakeFiles/CMakeTmp'
gmake: *** [Makefile:127: cmTC_b2c68/fast] Error 2


Source file was:
int main(void) { return 0; }
Performing C SOURCE FILE Test HAVE_GCC_COMMENT_BLOCK_COMMANDS failed with the following output:
Change Dir: /home/yonatan.r/CLionProjects/BAGEL/build/CMakeFiles/CMakeTmp

Run Build Command(s):/usr/bin/gmake -f Makefile cmTC_3b4cd/fast && /usr/bin/gmake  -f CMakeFiles/cmTC_3b4cd.dir/build.make CMakeFiles/cmTC_3b4cd.dir/build
gmake[1]: Entering directory '/home/yonatan.r/CLionProjects/BAGEL/build/CMakeFiles/CMakeTmp'
Building C object CMakeFiles/cmTC_3b4cd.dir/src.c.o
/usr/bin/cc -DHAVE_GCC_COMMENT_BLOCK_COMMANDS  -D_GNU_SOURCE=1   -fcomment-block-commands=threadsafety -o CMakeFiles/cmTC_3b4cd.dir/src.c.o -c /home/yonatan.r/CLionProjects/BAGEL/build/CMakeFiles/CMakeTmp/src.c
cc: error: unrecognized command-line option '-fcomment-block-commands=threadsafety'
gmake[1]: *** [CMakeFiles/cmTC_3b4cd.dir/build.make:78: CMakeFiles/cmTC_3b4cd.dir/src.c.o] Error 1
gmake[1]: Leaving directory '/home/yonatan.r/CLionProjects/BAGEL/build/CMakeFiles/CMakeTmp'
gmake: *** [Makefile:127: cmTC_3b4cd/fast] Error 2


Source file was:
int main(void) { return 0; }
Performing C SOURCE FILE Test HAVE_CLANG_COMMENT_BLOCK_COMMANDS failed with the following output:
Change Dir: /home/yonatan.r/CLionProjects/BAGEL/build/CMakeFiles/CMakeTmp

Run Build Command(s):/usr/bin/gmake -f Makefile cmTC_da178/fast && /usr/bin/gmake  -f CMakeFiles/cmTC_da178.dir/build.make CMakeFiles/cmTC_da178.dir/build
gmake[1]: Entering directory '/home/yonatan.r/CLionProjects/BAGEL/build/CMakeFiles/CMakeTmp'
Building C object CMakeFiles/cmTC_da178.dir/src.c.o
/usr/bin/cc -DHAVE_CLANG_COMMENT_BLOCK_COMMANDS  -D_GNU_SOURCE=1   /clang:-fcomment-block-commands=threadsafety -o CMakeFiles/cmTC_da178.dir/src.c.o -c /home/yonatan.r/CLionProjects/BAGEL/build/CMakeFiles/CMakeTmp/src.c
cc: warning: /clang:-fcomment-block-commands=threadsafety: linker input file unused because linking not done
cc: error: /clang:-fcomment-block-commands=threadsafety: linker input file not found: No such file or directory
gmake[1]: *** [CMakeFiles/cmTC_da178.dir/build.make:78: CMakeFiles/cmTC_da178.dir/src.c.o] Error 1
gmake[1]: *** Deleting file 'CMakeFiles/cmTC_da178.dir/src.c.o'
gmake[1]: Leaving directory '/home/yonatan.r/CLionProjects/BAGEL/build/CMakeFiles/CMakeTmp'
gmake: *** [Makefile:127: cmTC_da178/fast] Error 2


Source file was:
int main(void) { return 0; }
Determining if the _i64toa exist failed with the following output:
Change Dir: /home/yonatan.r/CLionProjects/BAGEL/build/CMakeFiles/CMakeTmp

Run Build Command(s):/usr/bin/gmake -f Makefile cmTC_2f57b/fast && /usr/bin/gmake  -f CMakeFiles/cmTC_2f57b.dir/build.make CMakeFiles/cmTC_2f57b.dir/build
gmake[1]: Entering directory '/home/yonatan.r/CLionProjects/BAGEL/build/CMakeFiles/CMakeTmp'
Building C object CMakeFiles/cmTC_2f57b.dir/CheckSymbolExists.c.o
/usr/bin/cc   -D_GNU_SOURCE=1 -o CMakeFiles/cmTC_2f57b.dir/CheckSymbolExists.c.o -c /home/yonatan.r/CLionProjects/BAGEL/build/CMakeFiles/CMakeTmp/CheckSymbolExists.c
/home/yonatan.r/CLionProjects/BAGEL/build/CMakeFiles/CMakeTmp/CheckSymbolExists.c: In function ‘main’:
/home/yonatan.r/CLionProjects/BAGEL/build/CMakeFiles/CMakeTmp/CheckSymbolExists.c:26:19: error: ‘_i64toa’ undeclared (first use in this function)
   26 |   return ((int*)(&_i64toa))[argc];
      |                   ^~~~~~~
/home/yonatan.r/CLionProjects/BAGEL/build/CMakeFiles/CMakeTmp/CheckSymbolExists.c:26:19: note: each undeclared identifier is reported only once for each function it appears in
gmake[1]: *** [CMakeFiles/cmTC_2f57b.dir/build.make:78: CMakeFiles/cmTC_2f57b.dir/CheckSymbolExists.c.o] Error 1
gmake[1]: Leaving directory '/home/yonatan.r/CLionProjects/BAGEL/build/CMakeFiles/CMakeTmp'
gmake: *** [Makefile:127: cmTC_2f57b/fast] Error 2


File /home/yonatan.r/CLionProjects/BAGEL/build/CMakeFiles/CMakeTmp/CheckSymbolExists.c:
/* */
#include <float.h>
#include <iconv.h>
#include <inttypes.h>
#include <limits.h>
#include <malloc.h>
#include <math.h>
#include <memory.h>
#include <signal.h>
#include <stdarg.h>
#include <stdbool.h>
#include <stddef.h>
#include <stdint.h>
#include <stdio.h>
#include <stdlib.h>
#include <string.h>
#include <strings.h>
#include <sys/types.h>
#include <time.h>
#include <wchar.h>

int main(int argc, char** argv)
{
  (void)argv;
#ifndef _i64toa
  return ((int*)(&_i64toa))[argc];
#else
  (void)argc;
  return 0;
#endif
}
Determining if the itoa exist failed with the following output:
Change Dir: /home/yonatan.r/CLionProjects/BAGEL/build/CMakeFiles/CMakeTmp

Run Build Command(s):/usr/bin/gmake -f Makefile cmTC_9e1c9/fast && /usr/bin/gmake  -f CMakeFiles/cmTC_9e1c9.dir/build.make CMakeFiles/cmTC_9e1c9.dir/build
gmake[1]: Entering directory '/home/yonatan.r/CLionProjects/BAGEL/build/CMakeFiles/CMakeTmp'
Building C object CMakeFiles/cmTC_9e1c9.dir/CheckSymbolExists.c.o
/usr/bin/cc   -D_GNU_SOURCE=1 -o CMakeFiles/cmTC_9e1c9.dir/CheckSymbolExists.c.o -c /home/yonatan.r/CLionProjects/BAGEL/build/CMakeFiles/CMakeTmp/CheckSymbolExists.c
/home/yonatan.r/CLionProjects/BAGEL/build/CMakeFiles/CMakeTmp/CheckSymbolExists.c: In function ‘main’:
/home/yonatan.r/CLionProjects/BAGEL/build/CMakeFiles/CMakeTmp/CheckSymbolExists.c:26:19: error: ‘itoa’ undeclared (first use in this function)
   26 |   return ((int*)(&itoa))[argc];
      |                   ^~~~
/home/yonatan.r/CLionProjects/BAGEL/build/CMakeFiles/CMakeTmp/CheckSymbolExists.c:26:19: note: each undeclared identifier is reported only once for each function it appears in
gmake[1]: *** [CMakeFiles/cmTC_9e1c9.dir/build.make:78: CMakeFiles/cmTC_9e1c9.dir/CheckSymbolExists.c.o] Error 1
gmake[1]: Leaving directory '/home/yonatan.r/CLionProjects/BAGEL/build/CMakeFiles/CMakeTmp'
gmake: *** [Makefile:127: cmTC_9e1c9/fast] Error 2


File /home/yonatan.r/CLionProjects/BAGEL/build/CMakeFiles/CMakeTmp/CheckSymbolExists.c:
/* */
#include <float.h>
#include <iconv.h>
#include <inttypes.h>
#include <limits.h>
#include <malloc.h>
#include <math.h>
#include <memory.h>
#include <signal.h>
#include <stdarg.h>
#include <stdbool.h>
#include <stddef.h>
#include <stdint.h>
#include <stdio.h>
#include <stdlib.h>
#include <string.h>
#include <strings.h>
#include <sys/types.h>
#include <time.h>
#include <wchar.h>

int main(int argc, char** argv)
{
  (void)argv;
#ifndef itoa
  return ((int*)(&itoa))[argc];
#else
  (void)argc;
  return 0;
#endif
}
Determining if the _ltoa exist failed with the following output:
Change Dir: /home/yonatan.r/CLionProjects/BAGEL/build/CMakeFiles/CMakeTmp

Run Build Command(s):/usr/bin/gmake -f Makefile cmTC_9c0b3/fast && /usr/bin/gmake  -f CMakeFiles/cmTC_9c0b3.dir/build.make CMakeFiles/cmTC_9c0b3.dir/build
gmake[1]: Entering directory '/home/yonatan.r/CLionProjects/BAGEL/build/CMakeFiles/CMakeTmp'
Building C object CMakeFiles/cmTC_9c0b3.dir/CheckSymbolExists.c.o
/usr/bin/cc   -D_GNU_SOURCE=1 -o CMakeFiles/cmTC_9c0b3.dir/CheckSymbolExists.c.o -c /home/yonatan.r/CLionProjects/BAGEL/build/CMakeFiles/CMakeTmp/CheckSymbolExists.c
/home/yonatan.r/CLionProjects/BAGEL/build/CMakeFiles/CMakeTmp/CheckSymbolExists.c: In function ‘main’:
/home/yonatan.r/CLionProjects/BAGEL/build/CMakeFiles/CMakeTmp/CheckSymbolExists.c:26:19: error: ‘_ltoa’ undeclared (first use in this function)
   26 |   return ((int*)(&_ltoa))[argc];
      |                   ^~~~~
/home/yonatan.r/CLionProjects/BAGEL/build/CMakeFiles/CMakeTmp/CheckSymbolExists.c:26:19: note: each undeclared identifier is reported only once for each function it appears in
gmake[1]: *** [CMakeFiles/cmTC_9c0b3.dir/build.make:78: CMakeFiles/cmTC_9c0b3.dir/CheckSymbolExists.c.o] Error 1
gmake[1]: Leaving directory '/home/yonatan.r/CLionProjects/BAGEL/build/CMakeFiles/CMakeTmp'
gmake: *** [Makefile:127: cmTC_9c0b3/fast] Error 2


File /home/yonatan.r/CLionProjects/BAGEL/build/CMakeFiles/CMakeTmp/CheckSymbolExists.c:
/* */
#include <float.h>
#include <iconv.h>
#include <inttypes.h>
#include <limits.h>
#include <malloc.h>
#include <math.h>
#include <memory.h>
#include <signal.h>
#include <stdarg.h>
#include <stdbool.h>
#include <stddef.h>
#include <stdint.h>
#include <stdio.h>
#include <stdlib.h>
#include <string.h>
#include <strings.h>
#include <sys/types.h>
#include <time.h>
#include <wchar.h>

int main(int argc, char** argv)
{
  (void)argv;
#ifndef _ltoa
  return ((int*)(&_ltoa))[argc];
#else
  (void)argc;
  return 0;
#endif
}
Determining if the sqr exist failed with the following output:
Change Dir: /home/yonatan.r/CLionProjects/BAGEL/build/CMakeFiles/CMakeTmp

Run Build Command(s):/usr/bin/gmake -f Makefile cmTC_e7be9/fast && /usr/bin/gmake  -f CMakeFiles/cmTC_e7be9.dir/build.make CMakeFiles/cmTC_e7be9.dir/build
gmake[1]: Entering directory '/home/yonatan.r/CLionProjects/BAGEL/build/CMakeFiles/CMakeTmp'
Building C object CMakeFiles/cmTC_e7be9.dir/CheckSymbolExists.c.o
/usr/bin/cc   -D_GNU_SOURCE=1 -o CMakeFiles/cmTC_e7be9.dir/CheckSymbolExists.c.o -c /home/yonatan.r/CLionProjects/BAGEL/build/CMakeFiles/CMakeTmp/CheckSymbolExists.c
/home/yonatan.r/CLionProjects/BAGEL/build/CMakeFiles/CMakeTmp/CheckSymbolExists.c: In function ‘main’:
/home/yonatan.r/CLionProjects/BAGEL/build/CMakeFiles/CMakeTmp/CheckSymbolExists.c:26:19: error: ‘sqr’ undeclared (first use in this function); did you mean ‘sqrt’?
   26 |   return ((int*)(&sqr))[argc];
      |                   ^~~
      |                   sqrt
/home/yonatan.r/CLionProjects/BAGEL/build/CMakeFiles/CMakeTmp/CheckSymbolExists.c:26:19: note: each undeclared identifier is reported only once for each function it appears in
gmake[1]: *** [CMakeFiles/cmTC_e7be9.dir/build.make:78: CMakeFiles/cmTC_e7be9.dir/CheckSymbolExists.c.o] Error 1
gmake[1]: Leaving directory '/home/yonatan.r/CLionProjects/BAGEL/build/CMakeFiles/CMakeTmp'
gmake: *** [Makefile:127: cmTC_e7be9/fast] Error 2


File /home/yonatan.r/CLionProjects/BAGEL/build/CMakeFiles/CMakeTmp/CheckSymbolExists.c:
/* */
#include <float.h>
#include <iconv.h>
#include <inttypes.h>
#include <limits.h>
#include <malloc.h>
#include <math.h>
#include <memory.h>
#include <signal.h>
#include <stdarg.h>
#include <stdbool.h>
#include <stddef.h>
#include <stdint.h>
#include <stdio.h>
#include <stdlib.h>
#include <string.h>
#include <strings.h>
#include <sys/types.h>
#include <time.h>
#include <wchar.h>

int main(int argc, char** argv)
{
  (void)argv;
#ifndef sqr
  return ((int*)(&sqr))[argc];
#else
  (void)argc;
  return 0;
#endif
}
Determining if the strlcat exist failed with the following output:
Change Dir: /home/yonatan.r/CLionProjects/BAGEL/build/CMakeFiles/CMakeTmp

Run Build Command(s):/usr/bin/gmake -f Makefile cmTC_67151/fast && /usr/bin/gmake  -f CMakeFiles/cmTC_67151.dir/build.make CMakeFiles/cmTC_67151.dir/build
gmake[1]: Entering directory '/home/yonatan.r/CLionProjects/BAGEL/build/CMakeFiles/CMakeTmp'
Building C object CMakeFiles/cmTC_67151.dir/CheckSymbolExists.c.o
/usr/bin/cc   -D_GNU_SOURCE=1 -o CMakeFiles/cmTC_67151.dir/CheckSymbolExists.c.o -c /home/yonatan.r/CLionProjects/BAGEL/build/CMakeFiles/CMakeTmp/CheckSymbolExists.c
/home/yonatan.r/CLionProjects/BAGEL/build/CMakeFiles/CMakeTmp/CheckSymbolExists.c: In function ‘main’:
/home/yonatan.r/CLionProjects/BAGEL/build/CMakeFiles/CMakeTmp/CheckSymbolExists.c:26:19: error: ‘strlcat’ undeclared (first use in this function); did you mean ‘strncat’?
   26 |   return ((int*)(&strlcat))[argc];
      |                   ^~~~~~~
      |                   strncat
/home/yonatan.r/CLionProjects/BAGEL/build/CMakeFiles/CMakeTmp/CheckSymbolExists.c:26:19: note: each undeclared identifier is reported only once for each function it appears in
gmake[1]: *** [CMakeFiles/cmTC_67151.dir/build.make:78: CMakeFiles/cmTC_67151.dir/CheckSymbolExists.c.o] Error 1
gmake[1]: Leaving directory '/home/yonatan.r/CLionProjects/BAGEL/build/CMakeFiles/CMakeTmp'
gmake: *** [Makefile:127: cmTC_67151/fast] Error 2


File /home/yonatan.r/CLionProjects/BAGEL/build/CMakeFiles/CMakeTmp/CheckSymbolExists.c:
/* */
#include <float.h>
#include <iconv.h>
#include <inttypes.h>
#include <limits.h>
#include <malloc.h>
#include <math.h>
#include <memory.h>
#include <signal.h>
#include <stdarg.h>
#include <stdbool.h>
#include <stddef.h>
#include <stdint.h>
#include <stdio.h>
#include <stdlib.h>
#include <string.h>
#include <strings.h>
#include <sys/types.h>
#include <time.h>
#include <wchar.h>

int main(int argc, char** argv)
{
  (void)argv;
#ifndef strlcat
  return ((int*)(&strlcat))[argc];
#else
  (void)argc;
  return 0;
#endif
}
Determining if the strlcpy exist failed with the following output:
Change Dir: /home/yonatan.r/CLionProjects/BAGEL/build/CMakeFiles/CMakeTmp

Run Build Command(s):/usr/bin/gmake -f Makefile cmTC_cc7ff/fast && /usr/bin/gmake  -f CMakeFiles/cmTC_cc7ff.dir/build.make CMakeFiles/cmTC_cc7ff.dir/build
gmake[1]: Entering directory '/home/yonatan.r/CLionProjects/BAGEL/build/CMakeFiles/CMakeTmp'
Building C object CMakeFiles/cmTC_cc7ff.dir/CheckSymbolExists.c.o
/usr/bin/cc   -D_GNU_SOURCE=1 -o CMakeFiles/cmTC_cc7ff.dir/CheckSymbolExists.c.o -c /home/yonatan.r/CLionProjects/BAGEL/build/CMakeFiles/CMakeTmp/CheckSymbolExists.c
/home/yonatan.r/CLionProjects/BAGEL/build/CMakeFiles/CMakeTmp/CheckSymbolExists.c: In function ‘main’:
/home/yonatan.r/CLionProjects/BAGEL/build/CMakeFiles/CMakeTmp/CheckSymbolExists.c:26:19: error: ‘strlcpy’ undeclared (first use in this function); did you mean ‘strncpy’?
   26 |   return ((int*)(&strlcpy))[argc];
      |                   ^~~~~~~
      |                   strncpy
/home/yonatan.r/CLionProjects/BAGEL/build/CMakeFiles/CMakeTmp/CheckSymbolExists.c:26:19: note: each undeclared identifier is reported only once for each function it appears in
gmake[1]: *** [CMakeFiles/cmTC_cc7ff.dir/build.make:78: CMakeFiles/cmTC_cc7ff.dir/CheckSymbolExists.c.o] Error 1
gmake[1]: Leaving directory '/home/yonatan.r/CLionProjects/BAGEL/build/CMakeFiles/CMakeTmp'
gmake: *** [Makefile:127: cmTC_cc7ff/fast] Error 2


File /home/yonatan.r/CLionProjects/BAGEL/build/CMakeFiles/CMakeTmp/CheckSymbolExists.c:
/* */
#include <float.h>
#include <iconv.h>
#include <inttypes.h>
#include <limits.h>
#include <malloc.h>
#include <math.h>
#include <memory.h>
#include <signal.h>
#include <stdarg.h>
#include <stdbool.h>
#include <stddef.h>
#include <stdint.h>
#include <stdio.h>
#include <stdlib.h>
#include <string.h>
#include <strings.h>
#include <sys/types.h>
#include <time.h>
#include <wchar.h>

int main(int argc, char** argv)
{
  (void)argv;
#ifndef strlcpy
  return ((int*)(&strlcpy))[argc];
#else
  (void)argc;
  return 0;
#endif
}
Determining if the strnstr exist failed with the following output:
Change Dir: /home/yonatan.r/CLionProjects/BAGEL/build/CMakeFiles/CMakeTmp

Run Build Command(s):/usr/bin/gmake -f Makefile cmTC_dcd35/fast && /usr/bin/gmake  -f CMakeFiles/cmTC_dcd35.dir/build.make CMakeFiles/cmTC_dcd35.dir/build
gmake[1]: Entering directory '/home/yonatan.r/CLionProjects/BAGEL/build/CMakeFiles/CMakeTmp'
Building C object CMakeFiles/cmTC_dcd35.dir/CheckSymbolExists.c.o
/usr/bin/cc   -D_GNU_SOURCE=1 -o CMakeFiles/cmTC_dcd35.dir/CheckSymbolExists.c.o -c /home/yonatan.r/CLionProjects/BAGEL/build/CMakeFiles/CMakeTmp/CheckSymbolExists.c
/home/yonatan.r/CLionProjects/BAGEL/build/CMakeFiles/CMakeTmp/CheckSymbolExists.c: In function ‘main’:
/home/yonatan.r/CLionProjects/BAGEL/build/CMakeFiles/CMakeTmp/CheckSymbolExists.c:26:19: error: ‘strnstr’ undeclared (first use in this function); did you mean ‘strstr’?
   26 |   return ((int*)(&strnstr))[argc];
      |                   ^~~~~~~
      |                   strstr
/home/yonatan.r/CLionProjects/BAGEL/build/CMakeFiles/CMakeTmp/CheckSymbolExists.c:26:19: note: each undeclared identifier is reported only once for each function it appears in
gmake[1]: *** [CMakeFiles/cmTC_dcd35.dir/build.make:78: CMakeFiles/cmTC_dcd35.dir/CheckSymbolExists.c.o] Error 1
gmake[1]: Leaving directory '/home/yonatan.r/CLionProjects/BAGEL/build/CMakeFiles/CMakeTmp'
gmake: *** [Makefile:127: cmTC_dcd35/fast] Error 2


File /home/yonatan.r/CLionProjects/BAGEL/build/CMakeFiles/CMakeTmp/CheckSymbolExists.c:
/* */
#include <float.h>
#include <iconv.h>
#include <inttypes.h>
#include <limits.h>
#include <malloc.h>
#include <math.h>
#include <memory.h>
#include <signal.h>
#include <stdarg.h>
#include <stdbool.h>
#include <stddef.h>
#include <stdint.h>
#include <stdio.h>
#include <stdlib.h>
#include <string.h>
#include <strings.h>
#include <sys/types.h>
#include <time.h>
#include <wchar.h>

int main(int argc, char** argv)
{
  (void)argv;
#ifndef strnstr
  return ((int*)(&strnstr))[argc];
#else
  (void)argc;
  return 0;
#endif
}
Determining if the wcslcat exist failed with the following output:
Change Dir: /home/yonatan.r/CLionProjects/BAGEL/build/CMakeFiles/CMakeTmp

Run Build Command(s):/usr/bin/gmake -f Makefile cmTC_b1b74/fast && /usr/bin/gmake  -f CMakeFiles/cmTC_b1b74.dir/build.make CMakeFiles/cmTC_b1b74.dir/build
gmake[1]: Entering directory '/home/yonatan.r/CLionProjects/BAGEL/build/CMakeFiles/CMakeTmp'
Building C object CMakeFiles/cmTC_b1b74.dir/CheckSymbolExists.c.o
/usr/bin/cc   -D_GNU_SOURCE=1 -o CMakeFiles/cmTC_b1b74.dir/CheckSymbolExists.c.o -c /home/yonatan.r/CLionProjects/BAGEL/build/CMakeFiles/CMakeTmp/CheckSymbolExists.c
/home/yonatan.r/CLionProjects/BAGEL/build/CMakeFiles/CMakeTmp/CheckSymbolExists.c: In function ‘main’:
/home/yonatan.r/CLionProjects/BAGEL/build/CMakeFiles/CMakeTmp/CheckSymbolExists.c:26:19: error: ‘wcslcat’ undeclared (first use in this function); did you mean ‘wcsncat’?
   26 |   return ((int*)(&wcslcat))[argc];
      |                   ^~~~~~~
      |                   wcsncat
/home/yonatan.r/CLionProjects/BAGEL/build/CMakeFiles/CMakeTmp/CheckSymbolExists.c:26:19: note: each undeclared identifier is reported only once for each function it appears in
gmake[1]: *** [CMakeFiles/cmTC_b1b74.dir/build.make:78: CMakeFiles/cmTC_b1b74.dir/CheckSymbolExists.c.o] Error 1
gmake[1]: Leaving directory '/home/yonatan.r/CLionProjects/BAGEL/build/CMakeFiles/CMakeTmp'
gmake: *** [Makefile:127: cmTC_b1b74/fast] Error 2


File /home/yonatan.r/CLionProjects/BAGEL/build/CMakeFiles/CMakeTmp/CheckSymbolExists.c:
/* */
#include <float.h>
#include <iconv.h>
#include <inttypes.h>
#include <limits.h>
#include <malloc.h>
#include <math.h>
#include <memory.h>
#include <signal.h>
#include <stdarg.h>
#include <stdbool.h>
#include <stddef.h>
#include <stdint.h>
#include <stdio.h>
#include <stdlib.h>
#include <string.h>
#include <strings.h>
#include <sys/types.h>
#include <time.h>
#include <wchar.h>

int main(int argc, char** argv)
{
  (void)argv;
#ifndef wcslcat
  return ((int*)(&wcslcat))[argc];
#else
  (void)argc;
  return 0;
#endif
}
Determining if the wcslcpy exist failed with the following output:
Change Dir: /home/yonatan.r/CLionProjects/BAGEL/build/CMakeFiles/CMakeTmp

Run Build Command(s):/usr/bin/gmake -f Makefile cmTC_dcd1d/fast && /usr/bin/gmake  -f CMakeFiles/cmTC_dcd1d.dir/build.make CMakeFiles/cmTC_dcd1d.dir/build
gmake[1]: Entering directory '/home/yonatan.r/CLionProjects/BAGEL/build/CMakeFiles/CMakeTmp'
Building C object CMakeFiles/cmTC_dcd1d.dir/CheckSymbolExists.c.o
/usr/bin/cc   -D_GNU_SOURCE=1 -o CMakeFiles/cmTC_dcd1d.dir/CheckSymbolExists.c.o -c /home/yonatan.r/CLionProjects/BAGEL/build/CMakeFiles/CMakeTmp/CheckSymbolExists.c
/home/yonatan.r/CLionProjects/BAGEL/build/CMakeFiles/CMakeTmp/CheckSymbolExists.c: In function ‘main’:
/home/yonatan.r/CLionProjects/BAGEL/build/CMakeFiles/CMakeTmp/CheckSymbolExists.c:26:19: error: ‘wcslcpy’ undeclared (first use in this function); did you mean ‘wcsncpy’?
   26 |   return ((int*)(&wcslcpy))[argc];
      |                   ^~~~~~~
      |                   wcsncpy
/home/yonatan.r/CLionProjects/BAGEL/build/CMakeFiles/CMakeTmp/CheckSymbolExists.c:26:19: note: each undeclared identifier is reported only once for each function it appears in
gmake[1]: *** [CMakeFiles/cmTC_dcd1d.dir/build.make:78: CMakeFiles/cmTC_dcd1d.dir/CheckSymbolExists.c.o] Error 1
gmake[1]: Leaving directory '/home/yonatan.r/CLionProjects/BAGEL/build/CMakeFiles/CMakeTmp'
gmake: *** [Makefile:127: cmTC_dcd1d/fast] Error 2


File /home/yonatan.r/CLionProjects/BAGEL/build/CMakeFiles/CMakeTmp/CheckSymbolExists.c:
/* */
#include <float.h>
#include <iconv.h>
#include <inttypes.h>
#include <limits.h>
#include <malloc.h>
#include <math.h>
#include <memory.h>
#include <signal.h>
#include <stdarg.h>
#include <stdbool.h>
#include <stddef.h>
#include <stdint.h>
#include <stdio.h>
#include <stdlib.h>
#include <string.h>
#include <strings.h>
#include <sys/types.h>
#include <time.h>
#include <wchar.h>

int main(int argc, char** argv)
{
  (void)argv;
#ifndef wcslcpy
  return ((int*)(&wcslcpy))[argc];
#else
  (void)argc;
  return 0;
#endif
}
Determining if the sysctlbyname exist failed with the following output:
Change Dir: /home/yonatan.r/CLionProjects/BAGEL/build/CMakeFiles/CMakeTmp

Run Build Command(s):/usr/bin/gmake -f Makefile cmTC_a80d3/fast && /usr/bin/gmake  -f CMakeFiles/cmTC_a80d3.dir/build.make CMakeFiles/cmTC_a80d3.dir/build
gmake[1]: Entering directory '/home/yonatan.r/CLionProjects/BAGEL/build/CMakeFiles/CMakeTmp'
Building C object CMakeFiles/cmTC_a80d3.dir/CheckSymbolExists.c.o
/usr/bin/cc   -D_GNU_SOURCE=1 -o CMakeFiles/cmTC_a80d3.dir/CheckSymbolExists.c.o -c /home/yonatan.r/CLionProjects/BAGEL/build/CMakeFiles/CMakeTmp/CheckSymbolExists.c
/home/yonatan.r/CLionProjects/BAGEL/build/CMakeFiles/CMakeTmp/CheckSymbolExists.c:3:10: fatal error: sys/sysctl.h: No such file or directory
    3 | #include <sys/sysctl.h>
      |          ^~~~~~~~~~~~~~
compilation terminated.
gmake[1]: *** [CMakeFiles/cmTC_a80d3.dir/build.make:78: CMakeFiles/cmTC_a80d3.dir/CheckSymbolExists.c.o] Error 1
gmake[1]: Leaving directory '/home/yonatan.r/CLionProjects/BAGEL/build/CMakeFiles/CMakeTmp'
gmake: *** [Makefile:127: cmTC_a80d3/fast] Error 2


File /home/yonatan.r/CLionProjects/BAGEL/build/CMakeFiles/CMakeTmp/CheckSymbolExists.c:
/* */
#include <sys/types.h>
#include <sys/sysctl.h>

int main(int argc, char** argv)
{
  (void)argv;
#ifndef sysctlbyname
  return ((int*)(&sysctlbyname))[argc];
#else
  (void)argc;
  return 0;
#endif
}
Determining if the elf_aux_info exist failed with the following output:
Change Dir: /home/yonatan.r/CLionProjects/BAGEL/build/CMakeFiles/CMakeTmp

Run Build Command(s):/usr/bin/gmake -f Makefile cmTC_bee76/fast && /usr/bin/gmake  -f CMakeFiles/cmTC_bee76.dir/build.make CMakeFiles/cmTC_bee76.dir/build
gmake[1]: Entering directory '/home/yonatan.r/CLionProjects/BAGEL/build/CMakeFiles/CMakeTmp'
Building C object CMakeFiles/cmTC_bee76.dir/CheckSymbolExists.c.o
/usr/bin/cc   -D_GNU_SOURCE=1 -o CMakeFiles/cmTC_bee76.dir/CheckSymbolExists.c.o -c /home/yonatan.r/CLionProjects/BAGEL/build/CMakeFiles/CMakeTmp/CheckSymbolExists.c
/home/yonatan.r/CLionProjects/BAGEL/build/CMakeFiles/CMakeTmp/CheckSymbolExists.c: In function ‘main’:
/home/yonatan.r/CLionProjects/BAGEL/build/CMakeFiles/CMakeTmp/CheckSymbolExists.c:8:19: error: ‘elf_aux_info’ undeclared (first use in this function)
    8 |   return ((int*)(&elf_aux_info))[argc];
      |                   ^~~~~~~~~~~~
/home/yonatan.r/CLionProjects/BAGEL/build/CMakeFiles/CMakeTmp/CheckSymbolExists.c:8:19: note: each undeclared identifier is reported only once for each function it appears in
gmake[1]: *** [CMakeFiles/cmTC_bee76.dir/build.make:78: CMakeFiles/cmTC_bee76.dir/CheckSymbolExists.c.o] Error 1
gmake[1]: Leaving directory '/home/yonatan.r/CLionProjects/BAGEL/build/CMakeFiles/CMakeTmp'
gmake: *** [Makefile:127: cmTC_bee76/fast] Error 2


File /home/yonatan.r/CLionProjects/BAGEL/build/CMakeFiles/CMakeTmp/CheckSymbolExists.c:
/* */
#include <sys/auxv.h>

int main(int argc, char** argv)
{
  (void)argv;
#ifndef elf_aux_info
  return ((int*)(&elf_aux_info))[argc];
#else
  (void)argc;
  return 0;
#endif
}
Determining if the posix_spawn_file_actions_addchdir exist failed with the following output:
Change Dir: /home/yonatan.r/CLionProjects/BAGEL/build/CMakeFiles/CMakeTmp

Run Build Command(s):/usr/bin/gmake -f Makefile cmTC_7b211/fast && /usr/bin/gmake  -f CMakeFiles/cmTC_7b211.dir/build.make CMakeFiles/cmTC_7b211.dir/build
gmake[1]: Entering directory '/home/yonatan.r/CLionProjects/BAGEL/build/CMakeFiles/CMakeTmp'
Building C object CMakeFiles/cmTC_7b211.dir/CheckSymbolExists.c.o
/usr/bin/cc   -D_GNU_SOURCE=1 -o CMakeFiles/cmTC_7b211.dir/CheckSymbolExists.c.o -c /home/yonatan.r/CLionProjects/BAGEL/build/CMakeFiles/CMakeTmp/CheckSymbolExists.c
/home/yonatan.r/CLionProjects/BAGEL/build/CMakeFiles/CMakeTmp/CheckSymbolExists.c: In function ‘main’:
/home/yonatan.r/CLionProjects/BAGEL/build/CMakeFiles/CMakeTmp/CheckSymbolExists.c:8:19: error: ‘posix_spawn_file_actions_addchdir’ undeclared (first use in this function); did you mean ‘posix_spawn_file_actions_addchdir_np’?
    8 |   return ((int*)(&posix_spawn_file_actions_addchdir))[argc];
      |                   ^~~~~~~~~~~~~~~~~~~~~~~~~~~~~~~~~
      |                   posix_spawn_file_actions_addchdir_np
/home/yonatan.r/CLionProjects/BAGEL/build/CMakeFiles/CMakeTmp/CheckSymbolExists.c:8:19: note: each undeclared identifier is reported only once for each function it appears in
gmake[1]: *** [CMakeFiles/cmTC_7b211.dir/build.make:78: CMakeFiles/cmTC_7b211.dir/CheckSymbolExists.c.o] Error 1
gmake[1]: Leaving directory '/home/yonatan.r/CLionProjects/BAGEL/build/CMakeFiles/CMakeTmp'
gmake: *** [Makefile:127: cmTC_7b211/fast] Error 2


File /home/yonatan.r/CLionProjects/BAGEL/build/CMakeFiles/CMakeTmp/CheckSymbolExists.c:
/* */
#include <spawn.h>

int main(int argc, char** argv)
{
  (void)argv;
#ifndef posix_spawn_file_actions_addchdir
  return ((int*)(&posix_spawn_file_actions_addchdir))[argc];
#else
  (void)argc;
  return 0;
#endif
}
Performing C SOURCE FILE Test ICONV_IN_LIBICONV failed with the following output:
Change Dir: /home/yonatan.r/CLionProjects/BAGEL/build/CMakeFiles/CMakeTmp

Run Build Command(s):/usr/bin/gmake -f Makefile cmTC_6290f/fast && /usr/bin/gmake  -f CMakeFiles/cmTC_6290f.dir/build.make CMakeFiles/cmTC_6290f.dir/build
gmake[1]: Entering directory '/home/yonatan.r/CLionProjects/BAGEL/build/CMakeFiles/CMakeTmp'
Building C object CMakeFiles/cmTC_6290f.dir/src.c.o
/usr/bin/cc -DICONV_IN_LIBICONV  -D_GNU_SOURCE=1 -o CMakeFiles/cmTC_6290f.dir/src.c.o -c /home/yonatan.r/CLionProjects/BAGEL/build/CMakeFiles/CMakeTmp/src.c
Linking C executable cmTC_6290f
/usr/bin/cmake -E cmake_link_script CMakeFiles/cmTC_6290f.dir/link.txt --verbose=1
/usr/bin/cc   -D_GNU_SOURCE=1 CMakeFiles/cmTC_6290f.dir/src.c.o -o cmTC_6290f  -liconv 
/usr/bin/ld: cannot find -liconv: No such file or directory
collect2: error: ld returned 1 exit status
gmake[1]: *** [CMakeFiles/cmTC_6290f.dir/build.make:99: cmTC_6290f] Error 1
gmake[1]: Leaving directory '/home/yonatan.r/CLionProjects/BAGEL/build/CMakeFiles/CMakeTmp'
gmake: *** [Makefile:127: cmTC_6290f/fast] Error 2


Source file was:

        #include <stddef.h>
        #include <iconv.h>
        int main(int argc, char **argv) {
            return !iconv_open(NULL,NULL);
        }
Performing C SOURCE FILE Test LIBC_HAS_WORKING_LIBUNWIND failed with the following output:
Change Dir: /home/yonatan.r/CLionProjects/BAGEL/build/CMakeFiles/CMakeTmp

Run Build Command(s):/usr/bin/gmake -f Makefile cmTC_afdb3/fast && /usr/bin/gmake  -f CMakeFiles/cmTC_afdb3.dir/build.make CMakeFiles/cmTC_afdb3.dir/build
gmake[1]: Entering directory '/home/yonatan.r/CLionProjects/BAGEL/build/CMakeFiles/CMakeTmp'
Building C object CMakeFiles/cmTC_afdb3.dir/src.c.o
/usr/bin/cc -DLIBC_HAS_WORKING_LIBUNWIND  -D_GNU_SOURCE=1 -o CMakeFiles/cmTC_afdb3.dir/src.c.o -c /home/yonatan.r/CLionProjects/BAGEL/build/CMakeFiles/CMakeTmp/src.c
/home/yonatan.r/CLionProjects/BAGEL/build/CMakeFiles/CMakeTmp/src.c:1:16: fatal error: libunwind.h: No such file or directory
    1 |       #include <libunwind.h>
      |                ^~~~~~~~~~~~~
compilation terminated.
gmake[1]: *** [CMakeFiles/cmTC_afdb3.dir/build.make:78: CMakeFiles/cmTC_afdb3.dir/src.c.o] Error 1
gmake[1]: Leaving directory '/home/yonatan.r/CLionProjects/BAGEL/build/CMakeFiles/CMakeTmp'
gmake: *** [Makefile:127: cmTC_afdb3/fast] Error 2


Source file was:
      #include <libunwind.h>
      int main(int argc, char *argv[]) {
        (void)argc; (void)argv;
        unw_context_t context;
        unw_cursor_t cursor;
        unw_word_t pc;
        char sym[256];
        unw_word_t offset;
        unw_getcontext(&context);
        unw_step(&cursor);
        unw_get_reg(&cursor, UNW_REG_IP, &pc);
        unw_get_proc_name(&cursor, sym, sizeof(sym), &offset);
        return 0;
      }
Performing C SOURCE FILE Test LIBUNWIND_HAS_WORKINGLIBUNWIND failed with the following output:
Change Dir: /home/yonatan.r/CLionProjects/BAGEL/build/CMakeFiles/CMakeTmp

Run Build Command(s):/usr/bin/gmake -f Makefile cmTC_0dc98/fast && /usr/bin/gmake  -f CMakeFiles/cmTC_0dc98.dir/build.make CMakeFiles/cmTC_0dc98.dir/build
gmake[1]: Entering directory '/home/yonatan.r/CLionProjects/BAGEL/build/CMakeFiles/CMakeTmp'
Building C object CMakeFiles/cmTC_0dc98.dir/src.c.o
/usr/bin/cc -DLIBUNWIND_HAS_WORKINGLIBUNWIND  -D_GNU_SOURCE=1 -o CMakeFiles/cmTC_0dc98.dir/src.c.o -c /home/yonatan.r/CLionProjects/BAGEL/build/CMakeFiles/CMakeTmp/src.c
/home/yonatan.r/CLionProjects/BAGEL/build/CMakeFiles/CMakeTmp/src.c:1:16: fatal error: libunwind.h: No such file or directory
    1 |       #include <libunwind.h>
      |                ^~~~~~~~~~~~~
compilation terminated.
gmake[1]: *** [CMakeFiles/cmTC_0dc98.dir/build.make:78: CMakeFiles/cmTC_0dc98.dir/src.c.o] Error 1
gmake[1]: Leaving directory '/home/yonatan.r/CLionProjects/BAGEL/build/CMakeFiles/CMakeTmp'
gmake: *** [Makefile:127: cmTC_0dc98/fast] Error 2


Source file was:
      #include <libunwind.h>
      int main(int argc, char *argv[]) {
        (void)argc; (void)argv;
        unw_context_t context;
        unw_cursor_t cursor;
        unw_word_t pc;
        char sym[256];
        unw_word_t offset;
        unw_getcontext(&context);
        unw_step(&cursor);
        unw_get_reg(&cursor, UNW_REG_IP, &pc);
        unw_get_proc_name(&cursor, sym, sizeof(sym), &offset);
        return 0;
      }
Determining if the include file pthread_np.h exists failed with the following output:
Change Dir: /home/yonatan.r/CLionProjects/BAGEL/build/CMakeFiles/CMakeTmp

Run Build Command(s):/usr/bin/gmake -f Makefile cmTC_1b3c1/fast && /usr/bin/gmake  -f CMakeFiles/cmTC_1b3c1.dir/build.make CMakeFiles/cmTC_1b3c1.dir/build
gmake[1]: Entering directory '/home/yonatan.r/CLionProjects/BAGEL/build/CMakeFiles/CMakeTmp'
Building C object CMakeFiles/cmTC_1b3c1.dir/CheckIncludeFile.c.o
/usr/bin/cc   -D_GNU_SOURCE=1 -D_REENTRANT -pthread -o CMakeFiles/cmTC_1b3c1.dir/CheckIncludeFile.c.o -c /home/yonatan.r/CLionProjects/BAGEL/build/CMakeFiles/CMakeTmp/CheckIncludeFile.c
/home/yonatan.r/CLionProjects/BAGEL/build/CMakeFiles/CMakeTmp/CheckIncludeFile.c:1:10: fatal error: pthread_np.h: No such file or directory
    1 | #include <pthread_np.h>
      |          ^~~~~~~~~~~~~~
compilation terminated.
gmake[1]: *** [CMakeFiles/cmTC_1b3c1.dir/build.make:78: CMakeFiles/cmTC_1b3c1.dir/CheckIncludeFile.c.o] Error 1
gmake[1]: Leaving directory '/home/yonatan.r/CLionProjects/BAGEL/build/CMakeFiles/CMakeTmp'
gmake: *** [Makefile:127: cmTC_1b3c1/fast] Error 2



